<?xml version="1.0" encoding="UTF-8"?><testsuite errors="0" failures="1" name="HU-004 Buscador GW" skipped="0" tests="1" time="35.23" timestamp="2021-06-15 10:25:13"><testcase name="Buscar el producto en el buscador de GW"><failure message="Expected enabled element was not enabled" type="net.thucydides.core.webdriver.exceptions.ElementShouldBeEnabledException">Expected enabled element was not enabled</failure><system-err>Expected enabled element was not enabled&#13;
tasks.BuscarProductoEnGw.performAs(BuscarProductoEnGw.java:22)&#13;
stepDefinitions.GWBuscadorBackgroundStepDefinitions.buscoUnProductoEnElBuscador(GWBuscadorBackgroundStepDefinitions.java:29)&#13;
cucumber.runner.Runner.runPickle(Runner.java:80)&#13;
</system-err></testcase></testsuite>