<?xml version="1.0" encoding="UTF-8"?><testsuite errors="2" failures="0" name="HU-004 Buscador GW" skipped="0" tests="2" time="16.09" timestamp="2021-06-15 09:32:11"><testcase name="Buscar un producto que no existe en el buscador de GW"><error message="Not a Map or List type: class java.lang.String" type="cucumber.runtime.CucumberException">Not a Map or List type: class java.lang.String</error><system-err>Not a Map or List type: class java.lang.String&#13;
cucumber.runner.Runner.runPickle(Runner.java:80)&#13;
</system-err></testcase><testcase name="Buscar un producto en el buscador de GW"><error message="Not a Map or List type: class java.lang.String" type="cucumber.runtime.CucumberException">Not a Map or List type: class java.lang.String</error><system-err>Not a Map or List type: class java.lang.String&#13;
cucumber.runner.Runner.runPickle(Runner.java:80)&#13;
</system-err></testcase></testsuite>